[1017/215349.081:WARNING:spdy_session.cc(3365)] Received HEADERS for invalid stream 11
[1017/215349.104:WARNING:spdy_session.cc(3365)] Received HEADERS for invalid stream 7
[1017/215349.117:WARNING:spdy_session.cc(3365)] Received HEADERS for invalid stream 3
[1017/215349.127:WARNING:spdy_session.cc(3365)] Received HEADERS for invalid stream 9
[1017/215349.140:WARNING:spdy_session.cc(3365)] Received HEADERS for invalid stream 5
[1017/215412.579:ERROR:audio_rtp_receiver.cc(89)] AudioRtpReceiver::OnSetVolume: No audio channel exists.
[1017/215412.580:WARNING:used_ids.h(55)] Duplicate id found. Reassigning from 104 to 127
[1017/215412.580:WARNING:used_ids.h(55)] Duplicate id found. Reassigning from 102 to 125
[1017/215412.580:WARNING:used_ids.h(55)] Duplicate id found. Reassigning from 104 to 124
[1017/215412.582:WARNING:used_ids.h(55)] Duplicate id found. Reassigning from 106 to 123
[1017/215412.582:WARNING:used_ids.h(55)] Duplicate id found. Reassigning from 103 to 122
[1017/215412.582:WARNING:used_ids.h(55)] Duplicate id found. Reassigning from 105 to 121
[1017/215412.582:WARNING:used_ids.h(55)] Duplicate id found. Reassigning from 109 to 120
[1017/215412.582:WARNING:used_ids.h(55)] Duplicate id found. Reassigning from 1 to 14
[1017/215412.582:WARNING:used_ids.h(55)] Duplicate id found. Reassigning from 3 to 13
[1017/215412.582:WARNING:used_ids.h(55)] Duplicate id found. Reassigning from 5 to 12
[1017/215412.582:WARNING:used_ids.h(55)] Duplicate id found. Reassigning from 6 to 11
[1017/215423.351:ERROR:audio_rtp_receiver.cc(89)] AudioRtpReceiver::OnSetVolume: No audio channel exists.
[1017/215423.352:WARNING:used_ids.h(55)] Duplicate id found. Reassigning from 104 to 127
[1017/215423.352:WARNING:used_ids.h(55)] Duplicate id found. Reassigning from 102 to 125
[1017/215423.352:WARNING:used_ids.h(55)] Duplicate id found. Reassigning from 104 to 124
[1017/215423.352:WARNING:used_ids.h(55)] Duplicate id found. Reassigning from 106 to 123
[1017/215423.352:WARNING:used_ids.h(55)] Duplicate id found. Reassigning from 103 to 122
[1017/215423.352:WARNING:used_ids.h(55)] Duplicate id found. Reassigning from 105 to 121
[1017/215423.352:WARNING:used_ids.h(55)] Duplicate id found. Reassigning from 109 to 120
[1017/215423.352:WARNING:used_ids.h(55)] Duplicate id found. Reassigning from 1 to 14
[1017/215423.352:WARNING:used_ids.h(55)] Duplicate id found. Reassigning from 3 to 13
[1017/215423.352:WARNING:used_ids.h(55)] Duplicate id found. Reassigning from 5 to 12
[1017/215423.352:WARNING:used_ids.h(55)] Duplicate id found. Reassigning from 6 to 11
[1017/215430.102:ERROR:audio_rtp_receiver.cc(89)] AudioRtpReceiver::OnSetVolume: No audio channel exists.
[1017/215430.102:WARNING:used_ids.h(55)] Duplicate id found. Reassigning from 104 to 127
[1017/215430.103:WARNING:used_ids.h(55)] Duplicate id found. Reassigning from 102 to 125
[1017/215430.103:WARNING:used_ids.h(55)] Duplicate id found. Reassigning from 104 to 124
[1017/215430.103:WARNING:used_ids.h(55)] Duplicate id found. Reassigning from 106 to 123
[1017/215430.103:WARNING:used_ids.h(55)] Duplicate id found. Reassigning from 103 to 122
[1017/215430.103:WARNING:used_ids.h(55)] Duplicate id found. Reassigning from 105 to 121
[1017/215430.103:WARNING:used_ids.h(55)] Duplicate id found. Reassigning from 109 to 120
[1017/215430.103:WARNING:used_ids.h(55)] Duplicate id found. Reassigning from 1 to 14
[1017/215430.103:WARNING:used_ids.h(55)] Duplicate id found. Reassigning from 3 to 13
[1017/215430.103:WARNING:used_ids.h(55)] Duplicate id found. Reassigning from 5 to 12
[1017/215430.103:WARNING:used_ids.h(55)] Duplicate id found. Reassigning from 6 to 11
[1017/215435.889:ERROR:audio_rtp_receiver.cc(89)] AudioRtpReceiver::OnSetVolume: No audio channel exists.
[1017/215435.889:WARNING:used_ids.h(55)] Duplicate id found. Reassigning from 104 to 127
[1017/215435.889:WARNING:used_ids.h(55)] Duplicate id found. Reassigning from 102 to 125
[1017/215435.890:WARNING:used_ids.h(55)] Duplicate id found. Reassigning from 104 to 124
[1017/215435.890:WARNING:used_ids.h(55)] Duplicate id found. Reassigning from 106 to 123
[1017/215435.890:WARNING:used_ids.h(55)] Duplicate id found. Reassigning from 103 to 122
[1017/215435.890:WARNING:used_ids.h(55)] Duplicate id found. Reassigning from 105 to 121
[1017/215435.890:WARNING:used_ids.h(55)] Duplicate id found. Reassigning from 109 to 120
[1017/215435.890:WARNING:used_ids.h(55)] Duplicate id found. Reassigning from 1 to 14
[1017/215435.890:WARNING:used_ids.h(55)] Duplicate id found. Reassigning from 3 to 13
[1017/215435.890:WARNING:used_ids.h(55)] Duplicate id found. Reassigning from 5 to 12
[1017/215435.890:WARNING:used_ids.h(55)] Duplicate id found. Reassigning from 6 to 11
[1017/215649.588:ERROR:batching_media_log.cc(38)] MediaEvent: {"error":"FFmpegDemuxer: no supported streams"}
[1017/215649.588:ERROR:batching_media_log.cc(35)] MediaEvent: {"pipeline_error":14}
[1017/215649.591:ERROR:batching_media_log.cc(38)] MediaEvent: {"error":"FFmpegDemuxer: no supported streams"}
[1017/215649.592:ERROR:batching_media_log.cc(35)] MediaEvent: {"pipeline_error":14}
[1017/215911.808:WARNING:spdy_session.cc(3365)] Received HEADERS for invalid stream 5
